G:\WORK7\CHESS-MASTER\CHESS-MASTER\OBJ\DEBUG\SYSTEM.ZO\ERR.OBJ
G:\WORK7\CHESS-MASTER\CHESS-MASTER\OBJ\DEBUG\SYSTEM.ZO\EVENT.OBJ
G:\WORK7\CHESS-MASTER\CHESS-MASTER\OBJ\DEBUG\SYSTEM.ZO\FILE.OBJ
G:\WORK7\CHESS-MASTER\CHESS-MASTER\OBJ\DEBUG\SYSTEM.ZO\INIFILE.OBJ
G:\WORK7\CHESS-MASTER\CHESS-MASTER\OBJ\DEBUG\SYSTEM.ZO\LOCK.OBJ
G:\WORK7\CHESS-MASTER\CHESS-MASTER\OBJ\DEBUG\SYSTEM.ZO\LOGGER.OBJ
G:\WORK7\CHESS-MASTER\CHESS-MASTER\OBJ\DEBUG\SYSTEM.ZO\MUTEX.OBJ
G:\WORK7\CHESS-MASTER\CHESS-MASTER\OBJ\DEBUG\SYSTEM.ZO\NUMBERCONV.OBJ
G:\WORK7\CHESS-MASTER\CHESS-MASTER\OBJ\DEBUG\SYSTEM.ZO\PATH.OBJ
G:\WORK7\CHESS-MASTER\CHESS-MASTER\OBJ\DEBUG\SYSTEM.ZO\PLATFORM.OBJ
G:\WORK7\CHESS-MASTER\CHESS-MASTER\OBJ\DEBUG\SYSTEM.ZO\RANDOM.OBJ
G:\WORK7\CHESS-MASTER\CHESS-MASTER\OBJ\DEBUG\SYSTEM.ZO\SHA1ENGINE.OBJ
G:\WORK7\CHESS-MASTER\CHESS-MASTER\OBJ\DEBUG\SYSTEM.ZO\SERIALIZE.OBJ
G:\WORK7\CHESS-MASTER\CHESS-MASTER\OBJ\DEBUG\SYSTEM.ZO\SLEEP.OBJ
G:\WORK7\CHESS-MASTER\CHESS-MASTER\OBJ\DEBUG\SYSTEM.ZO\STRING.OBJ
G:\WORK7\CHESS-MASTER\CHESS-MASTER\OBJ\DEBUG\SYSTEM.ZO\STRINGTOKENIZER.OBJ
G:\WORK7\CHESS-MASTER\CHESS-MASTER\OBJ\DEBUG\SYSTEM.ZO\THREAD.OBJ
G:\WORK7\CHESS-MASTER\CHESS-MASTER\OBJ\DEBUG\SYSTEM.ZO\THREADLOCAL.OBJ
G:\WORK7\CHESS-MASTER\CHESS-MASTER\OBJ\DEBUG\SYSTEM.ZO\TIMEUTIL.OBJ
G:\WORK7\CHESS-MASTER\CHESS-MASTER\OBJ\DEBUG\SYSTEM.ZO\TIMER.OBJ
G:\WORK7\CHESS-MASTER\CHESS-MASTER\OBJ\DEBUG\SYSTEM.ZO\CLOCK.OBJ
G:\WORK7\CHESS-MASTER\CHESS-MASTER\OBJ\DEBUG\SYSTEM.ZO\CSVPARSER.OBJ
G:\WORK7\CHESS-MASTER\CHESS-MASTER\OBJ\DEBUG\SYSTEM.ZO\DIGESTENGINE.OBJ
G:\WORK7\CHESS-MASTER\CHESS-MASTER\OBJ\DEBUG\SYSTEM.ZO\DIRECTORYITERATOR.OBJ
G:\WORK7\CHESS-MASTER\CHESS-MASTER\BIN\DEBUG\SYSTEM.ZO.PDB
G:\WORK7\CHESS-MASTER\CHESS-MASTER\BIN\DEBUG\SYSTEM.ZO.LIB
G:\work7\Chess-master\Chess-master\obj\Debug\system.zo\Clock.obj
G:\work7\Chess-master\Chess-master\obj\Debug\system.zo\CsvParser.obj
G:\work7\Chess-master\Chess-master\obj\Debug\system.zo\DigestEngine.obj
G:\work7\Chess-master\Chess-master\obj\Debug\system.zo\DirectoryIterator.obj
G:\work7\Chess-master\Chess-master\obj\Debug\system.zo\Err.obj
G:\work7\Chess-master\Chess-master\obj\Debug\system.zo\Event.obj
G:\work7\Chess-master\Chess-master\obj\Debug\system.zo\File.obj
G:\work7\Chess-master\Chess-master\obj\Debug\system.zo\IniFile.obj
G:\work7\Chess-master\Chess-master\obj\Debug\system.zo\Lock.obj
G:\work7\Chess-master\Chess-master\obj\Debug\system.zo\Logger.obj
G:\work7\Chess-master\Chess-master\obj\Debug\system.zo\Mutex.obj
G:\work7\Chess-master\Chess-master\obj\Debug\system.zo\NumberConv.obj
G:\work7\Chess-master\Chess-master\obj\Debug\system.zo\Path.obj
G:\work7\Chess-master\Chess-master\obj\Debug\system.zo\Platform.obj
G:\work7\Chess-master\Chess-master\obj\Debug\system.zo\Random.obj
G:\work7\Chess-master\Chess-master\obj\Debug\system.zo\Serialize.obj
G:\work7\Chess-master\Chess-master\obj\Debug\system.zo\SHA1Engine.obj
G:\work7\Chess-master\Chess-master\obj\Debug\system.zo\Sleep.obj
G:\work7\Chess-master\Chess-master\obj\Debug\system.zo\String.obj
G:\work7\Chess-master\Chess-master\obj\Debug\system.zo\StringTokenizer.obj
G:\work7\Chess-master\Chess-master\obj\Debug\system.zo\Thread.obj
G:\work7\Chess-master\Chess-master\obj\Debug\system.zo\ThreadLocal.obj
G:\work7\Chess-master\Chess-master\obj\Debug\system.zo\Timer.obj
G:\work7\Chess-master\Chess-master\obj\Debug\system.zo\TimeUtil.obj
G:\work7\Chess-master\Chess-master\obj\Debug\system.zo\cl.command.1.tlog
G:\work7\Chess-master\Chess-master\obj\Debug\system.zo\CL.read.1.tlog
G:\work7\Chess-master\Chess-master\obj\Debug\system.zo\CL.write.1.tlog
G:\work7\Chess-master\Chess-master\obj\Debug\system.zo\Lib-link.read.1.tlog
G:\work7\Chess-master\Chess-master\obj\Debug\system.zo\Lib-link.write.1.tlog
G:\work7\Chess-master\Chess-master\obj\Debug\system.zo\lib.command.1.tlog
G:\work7\Chess-master\Chess-master\build\..\bin\debug\system.zo.lib
