生成启动时间为 2017/3/5 11:25:14。
     1>项目“G:\work7\Chess-master\Chess-master\build\network.zo.vcxproj”在节点 3 上(Rebuild 个目标)。
     1>ClCompile:
         F:\Vs2012\VC\bin\CL.exe /c /I.. /I..\event\include /ZI /nologo /W3 /WX- /Od /Oy- /D WIN32 /D _WIN32 /D _CRT_SECURE_NO_WARNINGS /D _DEBUG /D _MBCS /Gm /EHsc /RTC1 /MDd /GS /Gy /arch:SSE2 /fp:precise /Zc:wchar_t /Zc:forScope /Fo"..\obj\Debug\network.zo\\" /Fd"..\bin\debug\network.zo.pdb" /Gd /TP /analyze- /errorReport:prompt -wd4996 ..\Network\Socket.cpp ..\Network\TcpAction.cpp ..\Network\TcpServer.cpp ..\Network\TcpSocket.cpp ..\Network\Utils.cpp
         Utils.cpp
         TcpSocket.cpp
         TcpServer.cpp
         TcpAction.cpp
         Socket.cpp
         正在生成代码...
       Lib:
         F:\Vs2012\VC\bin\Lib.exe /OUT:"..\bin\debug\network.zo.lib" /NOLOGO ..\obj\Debug\network.zo\Socket.obj
         ..\obj\Debug\network.zo\TcpAction.obj
         ..\obj\Debug\network.zo\TcpServer.obj
         ..\obj\Debug\network.zo\TcpSocket.obj
         ..\obj\Debug\network.zo\Utils.obj
         network.zo.vcxproj -> G:\work7\Chess-master\Chess-master\build\..\bin\debug\network.zo.lib
     1>已完成生成项目“G:\work7\Chess-master\Chess-master\build\network.zo.vcxproj”(Rebuild 个目标)的操作。

生成成功。

已用时间 00:00:07.68
