G:\WORK7\CHESS-MASTER\CHESS-MASTER\OBJ\DEBUG\SERVER.ZO\SERVER.ZO.PCH
G:\WORK7\CHESS-MASTER\CHESS-MASTER\OBJ\DEBUG\SERVER.ZO\CONFIG.OBJ
G:\WORK7\CHESS-MASTER\CHESS-MASTER\BIN\DEBUG\SERVER.ZO.PDB
G:\WORK7\CHESS-MASTER\CHESS-MASTER\OBJ\DEBUG\SERVER.ZO\ZOCFG.OBJ
G:\WORK7\CHESS-MASTER\CHESS-MASTER\OBJ\DEBUG\SERVER.ZO\TABLEMANAGER.OBJ
G:\WORK7\CHESS-MASTER\CHESS-MASTER\OBJ\DEBUG\SERVER.ZO\MPLAYER.OBJ
G:\WORK7\CHESS-MASTER\CHESS-MASTER\OBJ\DEBUG\SERVER.ZO\PLAYERCREATOR.OBJ
G:\WORK7\CHESS-MASTER\CHESS-MASTER\OBJ\DEBUG\SERVER.ZO\TABLECREATOR.OBJ
G:\WORK7\CHESS-MASTER\CHESS-MASTER\OBJ\DEBUG\SERVER.ZO\LOGICGAMETABLE.OBJ
G:\WORK7\CHESS-MASTER\CHESS-MASTER\OBJ\DEBUG\SERVER.ZO\LOGICPLAYER.OBJ
G:\WORK7\CHESS-MASTER\CHESS-MASTER\OBJ\DEBUG\SERVER.ZO\POKE.OBJ
G:\WORK7\CHESS-MASTER\CHESS-MASTER\OBJ\DEBUG\SERVER.ZO\GAMETABLE.OBJ
G:\WORK7\CHESS-MASTER\CHESS-MASTER\OBJ\DEBUG\SERVER.ZO\ROOMTABLEMANAGER.OBJ
G:\WORK7\CHESS-MASTER\CHESS-MASTER\OBJ\DEBUG\SERVER.ZO\GAME.OBJ
G:\WORK7\CHESS-MASTER\CHESS-MASTER\OBJ\DEBUG\SERVER.ZO\ITEMPACK.OBJ
G:\WORK7\CHESS-MASTER\CHESS-MASTER\OBJ\DEBUG\SERVER.ZO\GAMEROOM.OBJ
G:\WORK7\CHESS-MASTER\CHESS-MASTER\OBJ\DEBUG\SERVER.ZO\GAMETIMER.OBJ
G:\WORK7\CHESS-MASTER\CHESS-MASTER\OBJ\DEBUG\SERVER.ZO\ROOMMANAGER.OBJ
G:\WORK7\CHESS-MASTER\CHESS-MASTER\OBJ\DEBUG\SERVER.ZO\ROOMPLAYERMANAGER.OBJ
G:\WORK7\CHESS-MASTER\CHESS-MASTER\OBJ\DEBUG\SERVER.ZO\USER.OBJ
G:\WORK7\CHESS-MASTER\CHESS-MASTER\OBJ\DEBUG\SERVER.ZO\USERMANAGER.OBJ
G:\WORK7\CHESS-MASTER\CHESS-MASTER\OBJ\DEBUG\SERVER.ZO\BUILDER.OBJ
G:\WORK7\CHESS-MASTER\CHESS-MASTER\OBJ\DEBUG\SERVER.ZO\GATEWAY.OBJ
G:\WORK7\CHESS-MASTER\CHESS-MASTER\OBJ\DEBUG\SERVER.ZO\PROCESSOR.OBJ
G:\WORK7\CHESS-MASTER\CHESS-MASTER\OBJ\DEBUG\SERVER.ZO\ACTIONLUA.OBJ
G:\WORK7\CHESS-MASTER\CHESS-MASTER\OBJ\DEBUG\SERVER.ZO\BLOCK.OBJ
G:\WORK7\CHESS-MASTER\CHESS-MASTER\OBJ\DEBUG\SERVER.ZO\TCP.OBJ
G:\WORK7\CHESS-MASTER\CHESS-MASTER\OBJ\DEBUG\SERVER.ZO\MTABLE.OBJ
G:\WORK7\CHESS-MASTER\CHESS-MASTER\OBJ\DEBUG\SERVER.ZO\SERVERMODULE.OBJ
G:\WORK7\CHESS-MASTER\CHESS-MASTER\BIN\DEBUG\SERVER.ZO.ILK
G:\WORK7\CHESS-MASTER\CHESS-MASTER\BIN\DEBUG\SERVER.ZO.EXE
G:\work7\Chess-master\Chess-master\obj\Debug\server.zo\server.zo.vcxprojResolveAssemblyReference.cache
G:\work7\Chess-master\Chess-master\obj\Debug\server.zo\ActionLua.obj
G:\work7\Chess-master\Chess-master\obj\Debug\server.zo\Base.obj
G:\work7\Chess-master\Chess-master\obj\Debug\server.zo\Block.obj
G:\work7\Chess-master\Chess-master\obj\Debug\server.zo\Builder.obj
G:\work7\Chess-master\Chess-master\obj\Debug\server.zo\Chat.obj
G:\work7\Chess-master\Chess-master\obj\Debug\server.zo\Config.obj
G:\work7\Chess-master\Chess-master\obj\Debug\server.zo\CsvLoader.obj
G:\work7\Chess-master\Chess-master\obj\Debug\server.zo\DB.obj
G:\work7\Chess-master\Chess-master\obj\Debug\server.zo\DBObject.obj
G:\work7\Chess-master\Chess-master\obj\Debug\server.zo\Equipment.obj
G:\work7\Chess-master\Chess-master\obj\Debug\server.zo\Expendable.obj
G:\work7\Chess-master\Chess-master\obj\Debug\server.zo\ExternVariables.obj
G:\work7\Chess-master\Chess-master\obj\Debug\server.zo\Game.obj
G:\work7\Chess-master\Chess-master\obj\Debug\server.zo\GameRoom.obj
G:\work7\Chess-master\Chess-master\obj\Debug\server.zo\GameTable.obj
G:\work7\Chess-master\Chess-master\obj\Debug\server.zo\GameTimer.obj
G:\work7\Chess-master\Chess-master\obj\Debug\server.zo\Gateway.obj
G:\work7\Chess-master\Chess-master\obj\Debug\server.zo\Handler.obj
G:\work7\Chess-master\Chess-master\obj\Debug\server.zo\IdPool.obj
G:\work7\Chess-master\Chess-master\obj\Debug\server.zo\Item.obj
G:\work7\Chess-master\Chess-master\obj\Debug\server.zo\ItemPack.obj
G:\work7\Chess-master\Chess-master\obj\Debug\server.zo\LogicGameTable.obj
G:\work7\Chess-master\Chess-master\obj\Debug\server.zo\LogicPlayer.obj
G:\work7\Chess-master\Chess-master\obj\Debug\server.zo\lua_tinker.obj
G:\work7\Chess-master\Chess-master\obj\Debug\server.zo\Mplayer.obj
G:\work7\Chess-master\Chess-master\obj\Debug\server.zo\Mtable.obj
G:\work7\Chess-master\Chess-master\obj\Debug\server.zo\NameGen.obj
G:\work7\Chess-master\Chess-master\obj\Debug\server.zo\Packets.obj
G:\work7\Chess-master\Chess-master\obj\Debug\server.zo\PlayCard.obj
G:\work7\Chess-master\Chess-master\obj\Debug\server.zo\PlayerCreator.obj
G:\work7\Chess-master\Chess-master\obj\Debug\server.zo\Poke.obj
G:\work7\Chess-master\Chess-master\obj\Debug\server.zo\Poker.obj
G:\work7\Chess-master\Chess-master\obj\Debug\server.zo\Processor.obj
G:\work7\Chess-master\Chess-master\obj\Debug\server.zo\RoomManager.obj
G:\work7\Chess-master\Chess-master\obj\Debug\server.zo\RoomPlayerManager.obj
G:\work7\Chess-master\Chess-master\obj\Debug\server.zo\RoomTableManager.obj
G:\work7\Chess-master\Chess-master\obj\Debug\server.zo\Script.obj
G:\work7\Chess-master\Chess-master\obj\Debug\server.zo\ServerManager.obj
G:\work7\Chess-master\Chess-master\obj\Debug\server.zo\ServerModule.obj
G:\work7\Chess-master\Chess-master\obj\Debug\server.zo\TableCreator.obj
G:\work7\Chess-master\Chess-master\obj\Debug\server.zo\TableManager.obj
G:\work7\Chess-master\Chess-master\obj\Debug\server.zo\Tcp.obj
G:\work7\Chess-master\Chess-master\obj\Debug\server.zo\TimerData.obj
G:\work7\Chess-master\Chess-master\obj\Debug\server.zo\User.obj
G:\work7\Chess-master\Chess-master\obj\Debug\server.zo\UserManager.obj
G:\work7\Chess-master\Chess-master\obj\Debug\server.zo\ValidateName.obj
G:\work7\Chess-master\Chess-master\obj\Debug\server.zo\ZoCfg.obj
G:\work7\Chess-master\Chess-master\obj\Debug\server.zo\ZoGlobal.obj
G:\work7\Chess-master\Chess-master\obj\Debug\server.zo\ZoMain.obj
G:\work7\Chess-master\Chess-master\obj\Debug\server.zo\cl.command.1.tlog
G:\work7\Chess-master\Chess-master\obj\Debug\server.zo\CL.read.1.tlog
G:\work7\Chess-master\Chess-master\obj\Debug\server.zo\CL.write.1.tlog
G:\work7\Chess-master\Chess-master\obj\Debug\server.zo\link-cvtres.read.1.tlog
G:\work7\Chess-master\Chess-master\obj\Debug\server.zo\link-cvtres.write.1.tlog
G:\work7\Chess-master\Chess-master\obj\Debug\server.zo\link-rc.read.1.tlog
G:\work7\Chess-master\Chess-master\obj\Debug\server.zo\link-rc.write.1.tlog
G:\work7\Chess-master\Chess-master\obj\Debug\server.zo\link.19328-cvtres.read.1.tlog
G:\work7\Chess-master\Chess-master\obj\Debug\server.zo\link.19328-cvtres.write.1.tlog
G:\work7\Chess-master\Chess-master\obj\Debug\server.zo\link.19328-rc.read.1.tlog
G:\work7\Chess-master\Chess-master\obj\Debug\server.zo\link.19328-rc.write.1.tlog
G:\work7\Chess-master\Chess-master\obj\Debug\server.zo\link.19328.read.1.tlog
G:\work7\Chess-master\Chess-master\obj\Debug\server.zo\link.19328.write.1.tlog
G:\work7\Chess-master\Chess-master\obj\Debug\server.zo\link.command.1.tlog
G:\work7\Chess-master\Chess-master\obj\Debug\server.zo\link.read.1.tlog
G:\work7\Chess-master\Chess-master\obj\Debug\server.zo\link.write.1.tlog
G:\work7\Chess-master\Chess-master\obj\Debug\server.zo\server.zo.pch
G:\work7\Chess-master\Chess-master\build\..\bin\debug\server.zo.exe
