G:\WORK7\CHESS-MASTER\CHESS-MASTER\OBJ\DEBUG\LUA.ZO\LGC.OBJ
G:\WORK7\CHESS-MASTER\CHESS-MASTER\OBJ\DEBUG\LUA.ZO\LINIT.OBJ
G:\WORK7\CHESS-MASTER\CHESS-MASTER\OBJ\DEBUG\LUA.ZO\LIOLIB.OBJ
G:\WORK7\CHESS-MASTER\CHESS-MASTER\OBJ\DEBUG\LUA.ZO\LLEX.OBJ
G:\WORK7\CHESS-MASTER\CHESS-MASTER\OBJ\DEBUG\LUA.ZO\LMATHLIB.OBJ
G:\WORK7\CHESS-MASTER\CHESS-MASTER\OBJ\DEBUG\LUA.ZO\LMEM.OBJ
G:\WORK7\CHESS-MASTER\CHESS-MASTER\OBJ\DEBUG\LUA.ZO\LOADLIB.OBJ
G:\WORK7\CHESS-MASTER\CHESS-MASTER\OBJ\DEBUG\LUA.ZO\LOBJECT.OBJ
G:\WORK7\CHESS-MASTER\CHESS-MASTER\OBJ\DEBUG\LUA.ZO\LOPCODES.OBJ
G:\WORK7\CHESS-MASTER\CHESS-MASTER\OBJ\DEBUG\LUA.ZO\LOSLIB.OBJ
G:\WORK7\CHESS-MASTER\CHESS-MASTER\OBJ\DEBUG\LUA.ZO\LPARSER.OBJ
G:\WORK7\CHESS-MASTER\CHESS-MASTER\OBJ\DEBUG\LUA.ZO\LSTATE.OBJ
G:\WORK7\CHESS-MASTER\CHESS-MASTER\OBJ\DEBUG\LUA.ZO\LSTRING.OBJ
G:\WORK7\CHESS-MASTER\CHESS-MASTER\OBJ\DEBUG\LUA.ZO\LSTRLIB.OBJ
G:\WORK7\CHESS-MASTER\CHESS-MASTER\OBJ\DEBUG\LUA.ZO\LTABLE.OBJ
G:\WORK7\CHESS-MASTER\CHESS-MASTER\OBJ\DEBUG\LUA.ZO\LTABLIB.OBJ
G:\WORK7\CHESS-MASTER\CHESS-MASTER\OBJ\DEBUG\LUA.ZO\LTM.OBJ
G:\WORK7\CHESS-MASTER\CHESS-MASTER\OBJ\DEBUG\LUA.ZO\LUNDUMP.OBJ
G:\WORK7\CHESS-MASTER\CHESS-MASTER\OBJ\DEBUG\LUA.ZO\LVM.OBJ
G:\WORK7\CHESS-MASTER\CHESS-MASTER\OBJ\DEBUG\LUA.ZO\LZIO.OBJ
G:\WORK7\CHESS-MASTER\CHESS-MASTER\OBJ\DEBUG\LUA.ZO\LAPI.OBJ
G:\WORK7\CHESS-MASTER\CHESS-MASTER\OBJ\DEBUG\LUA.ZO\LAUXLIB.OBJ
G:\WORK7\CHESS-MASTER\CHESS-MASTER\OBJ\DEBUG\LUA.ZO\LBASELIB.OBJ
G:\WORK7\CHESS-MASTER\CHESS-MASTER\OBJ\DEBUG\LUA.ZO\LBITLIB.OBJ
G:\WORK7\CHESS-MASTER\CHESS-MASTER\OBJ\DEBUG\LUA.ZO\LCODE.OBJ
G:\WORK7\CHESS-MASTER\CHESS-MASTER\OBJ\DEBUG\LUA.ZO\LCOROLIB.OBJ
G:\WORK7\CHESS-MASTER\CHESS-MASTER\OBJ\DEBUG\LUA.ZO\LCTYPE.OBJ
G:\WORK7\CHESS-MASTER\CHESS-MASTER\OBJ\DEBUG\LUA.ZO\LDBLIB.OBJ
G:\WORK7\CHESS-MASTER\CHESS-MASTER\OBJ\DEBUG\LUA.ZO\LDEBUG.OBJ
G:\WORK7\CHESS-MASTER\CHESS-MASTER\OBJ\DEBUG\LUA.ZO\LDO.OBJ
G:\WORK7\CHESS-MASTER\CHESS-MASTER\OBJ\DEBUG\LUA.ZO\LDUMP.OBJ
G:\WORK7\CHESS-MASTER\CHESS-MASTER\OBJ\DEBUG\LUA.ZO\LFUNC.OBJ
G:\WORK7\CHESS-MASTER\CHESS-MASTER\BIN\DEBUG\LUA.ZO.PDB
G:\WORK7\CHESS-MASTER\CHESS-MASTER\BIN\DEBUG\LUA.ZO.LIB
G:\work7\Chess-master\Chess-master\obj\Debug\lua.zo\lapi.obj
G:\work7\Chess-master\Chess-master\obj\Debug\lua.zo\lauxlib.obj
G:\work7\Chess-master\Chess-master\obj\Debug\lua.zo\lbaselib.obj
G:\work7\Chess-master\Chess-master\obj\Debug\lua.zo\lbitlib.obj
G:\work7\Chess-master\Chess-master\obj\Debug\lua.zo\lcode.obj
G:\work7\Chess-master\Chess-master\obj\Debug\lua.zo\lcorolib.obj
G:\work7\Chess-master\Chess-master\obj\Debug\lua.zo\lctype.obj
G:\work7\Chess-master\Chess-master\obj\Debug\lua.zo\ldblib.obj
G:\work7\Chess-master\Chess-master\obj\Debug\lua.zo\ldebug.obj
G:\work7\Chess-master\Chess-master\obj\Debug\lua.zo\ldo.obj
G:\work7\Chess-master\Chess-master\obj\Debug\lua.zo\ldump.obj
G:\work7\Chess-master\Chess-master\obj\Debug\lua.zo\lfunc.obj
G:\work7\Chess-master\Chess-master\obj\Debug\lua.zo\lgc.obj
G:\work7\Chess-master\Chess-master\obj\Debug\lua.zo\linit.obj
G:\work7\Chess-master\Chess-master\obj\Debug\lua.zo\liolib.obj
G:\work7\Chess-master\Chess-master\obj\Debug\lua.zo\llex.obj
G:\work7\Chess-master\Chess-master\obj\Debug\lua.zo\lmathlib.obj
G:\work7\Chess-master\Chess-master\obj\Debug\lua.zo\lmem.obj
G:\work7\Chess-master\Chess-master\obj\Debug\lua.zo\loadlib.obj
G:\work7\Chess-master\Chess-master\obj\Debug\lua.zo\lobject.obj
G:\work7\Chess-master\Chess-master\obj\Debug\lua.zo\lopcodes.obj
G:\work7\Chess-master\Chess-master\obj\Debug\lua.zo\loslib.obj
G:\work7\Chess-master\Chess-master\obj\Debug\lua.zo\lparser.obj
G:\work7\Chess-master\Chess-master\obj\Debug\lua.zo\lstate.obj
G:\work7\Chess-master\Chess-master\obj\Debug\lua.zo\lstring.obj
G:\work7\Chess-master\Chess-master\obj\Debug\lua.zo\lstrlib.obj
G:\work7\Chess-master\Chess-master\obj\Debug\lua.zo\ltable.obj
G:\work7\Chess-master\Chess-master\obj\Debug\lua.zo\ltablib.obj
G:\work7\Chess-master\Chess-master\obj\Debug\lua.zo\ltm.obj
G:\work7\Chess-master\Chess-master\obj\Debug\lua.zo\lundump.obj
G:\work7\Chess-master\Chess-master\obj\Debug\lua.zo\lvm.obj
G:\work7\Chess-master\Chess-master\obj\Debug\lua.zo\lzio.obj
G:\work7\Chess-master\Chess-master\obj\Debug\lua.zo\cl.command.1.tlog
G:\work7\Chess-master\Chess-master\obj\Debug\lua.zo\CL.read.1.tlog
G:\work7\Chess-master\Chess-master\obj\Debug\lua.zo\CL.write.1.tlog
G:\work7\Chess-master\Chess-master\obj\Debug\lua.zo\Lib-link.read.1.tlog
G:\work7\Chess-master\Chess-master\obj\Debug\lua.zo\Lib-link.write.1.tlog
G:\work7\Chess-master\Chess-master\obj\Debug\lua.zo\lib.command.1.tlog
G:\work7\Chess-master\Chess-master\build\..\bin\debug\lua.zo.lib
