G:\WORK7\CHESS-MASTER\CHESS-MASTER\OBJ\DEBUG\EVENT.ZO\BUFFEREVENT_PAIR.OBJ
G:\WORK7\CHESS-MASTER\CHESS-MASTER\OBJ\DEBUG\EVENT.ZO\LISTENER.OBJ
G:\WORK7\CHESS-MASTER\CHESS-MASTER\OBJ\DEBUG\EVENT.ZO\EVMAP.OBJ
G:\WORK7\CHESS-MASTER\CHESS-MASTER\OBJ\DEBUG\EVENT.ZO\LOG.OBJ
G:\WORK7\CHESS-MASTER\CHESS-MASTER\OBJ\DEBUG\EVENT.ZO\EVUTIL.OBJ
G:\WORK7\CHESS-MASTER\CHESS-MASTER\OBJ\DEBUG\EVENT.ZO\STRLCPY.OBJ
G:\WORK7\CHESS-MASTER\CHESS-MASTER\OBJ\DEBUG\EVENT.ZO\SIGNAL.OBJ
G:\WORK7\CHESS-MASTER\CHESS-MASTER\OBJ\DEBUG\EVENT.ZO\BUFFEREVENT_FILTER.OBJ
G:\WORK7\CHESS-MASTER\CHESS-MASTER\OBJ\DEBUG\EVENT.ZO\EVTHREAD.OBJ
G:\WORK7\CHESS-MASTER\CHESS-MASTER\OBJ\DEBUG\EVENT.ZO\BUFFEREVENT_RATELIM.OBJ
G:\WORK7\CHESS-MASTER\CHESS-MASTER\OBJ\DEBUG\EVENT.ZO\EVUTIL_RAND.OBJ
G:\WORK7\CHESS-MASTER\CHESS-MASTER\OBJ\DEBUG\EVENT.ZO\EVENT_TAGGING.OBJ
G:\WORK7\CHESS-MASTER\CHESS-MASTER\OBJ\DEBUG\EVENT.ZO\HTTP.OBJ
G:\WORK7\CHESS-MASTER\CHESS-MASTER\OBJ\DEBUG\EVENT.ZO\EVDNS.OBJ
G:\WORK7\CHESS-MASTER\CHESS-MASTER\OBJ\DEBUG\EVENT.ZO\EVRPC.OBJ
G:\WORK7\CHESS-MASTER\CHESS-MASTER\OBJ\DEBUG\EVENT.ZO\WIN32SELECT.OBJ
G:\WORK7\CHESS-MASTER\CHESS-MASTER\OBJ\DEBUG\EVENT.ZO\EVTHREAD_WIN32.OBJ
G:\WORK7\CHESS-MASTER\CHESS-MASTER\OBJ\DEBUG\EVENT.ZO\BUFFER_IOCP.OBJ
G:\WORK7\CHESS-MASTER\CHESS-MASTER\OBJ\DEBUG\EVENT.ZO\EVENT_IOCP.OBJ
G:\WORK7\CHESS-MASTER\CHESS-MASTER\OBJ\DEBUG\EVENT.ZO\BUFFEREVENT_ASYNC.OBJ
G:\WORK7\CHESS-MASTER\CHESS-MASTER\OBJ\DEBUG\EVENT.ZO\EVENT.OBJ
G:\WORK7\CHESS-MASTER\CHESS-MASTER\OBJ\DEBUG\EVENT.ZO\BUFFER.OBJ
G:\WORK7\CHESS-MASTER\CHESS-MASTER\OBJ\DEBUG\EVENT.ZO\BUFFEREVENT.OBJ
G:\WORK7\CHESS-MASTER\CHESS-MASTER\OBJ\DEBUG\EVENT.ZO\BUFFEREVENT_SOCK.OBJ
G:\WORK7\CHESS-MASTER\CHESS-MASTER\BIN\DEBUG\EVENT.ZO.PDB
G:\WORK7\CHESS-MASTER\CHESS-MASTER\BIN\DEBUG\EVENT.ZO.LIB
G:\work7\Chess-master\Chess-master\obj\Debug\event.zo\buffer.obj
G:\work7\Chess-master\Chess-master\obj\Debug\event.zo\bufferevent.obj
G:\work7\Chess-master\Chess-master\obj\Debug\event.zo\bufferevent_async.obj
G:\work7\Chess-master\Chess-master\obj\Debug\event.zo\bufferevent_filter.obj
G:\work7\Chess-master\Chess-master\obj\Debug\event.zo\bufferevent_pair.obj
G:\work7\Chess-master\Chess-master\obj\Debug\event.zo\bufferevent_ratelim.obj
G:\work7\Chess-master\Chess-master\obj\Debug\event.zo\bufferevent_sock.obj
G:\work7\Chess-master\Chess-master\obj\Debug\event.zo\buffer_iocp.obj
G:\work7\Chess-master\Chess-master\obj\Debug\event.zo\evdns.obj
G:\work7\Chess-master\Chess-master\obj\Debug\event.zo\event.obj
G:\work7\Chess-master\Chess-master\obj\Debug\event.zo\event_iocp.obj
G:\work7\Chess-master\Chess-master\obj\Debug\event.zo\event_tagging.obj
G:\work7\Chess-master\Chess-master\obj\Debug\event.zo\evmap.obj
G:\work7\Chess-master\Chess-master\obj\Debug\event.zo\evrpc.obj
G:\work7\Chess-master\Chess-master\obj\Debug\event.zo\evthread.obj
G:\work7\Chess-master\Chess-master\obj\Debug\event.zo\evthread_win32.obj
G:\work7\Chess-master\Chess-master\obj\Debug\event.zo\evutil.obj
G:\work7\Chess-master\Chess-master\obj\Debug\event.zo\evutil_rand.obj
G:\work7\Chess-master\Chess-master\obj\Debug\event.zo\http.obj
G:\work7\Chess-master\Chess-master\obj\Debug\event.zo\listener.obj
G:\work7\Chess-master\Chess-master\obj\Debug\event.zo\log.obj
G:\work7\Chess-master\Chess-master\obj\Debug\event.zo\signal.obj
G:\work7\Chess-master\Chess-master\obj\Debug\event.zo\strlcpy.obj
G:\work7\Chess-master\Chess-master\obj\Debug\event.zo\win32select.obj
G:\work7\Chess-master\Chess-master\obj\Debug\event.zo\cl.command.1.tlog
G:\work7\Chess-master\Chess-master\obj\Debug\event.zo\CL.read.1.tlog
G:\work7\Chess-master\Chess-master\obj\Debug\event.zo\CL.write.1.tlog
G:\work7\Chess-master\Chess-master\obj\Debug\event.zo\Lib-link.read.1.tlog
G:\work7\Chess-master\Chess-master\obj\Debug\event.zo\Lib-link.write.1.tlog
G:\work7\Chess-master\Chess-master\obj\Debug\event.zo\lib.command.1.tlog
G:\work7\Chess-master\Chess-master\build\..\bin\debug\event.zo.lib
